  [1m[35m (0.2ms)[0m  [1m[34mSELECT sqlite_version(*)[0m
  [1m[35m (3.4ms)[0m  [1m[35mCREATE TABLE "schema_migrations" ("version" varchar NOT NULL PRIMARY KEY)[0m
  [1m[35m (3.2ms)[0m  [1m[35mCREATE TABLE "ar_internal_metadata" ("key" varchar NOT NULL PRIMARY KEY, "value" varchar, "created_at" datetime NOT NULL, "updated_at" datetime NOT NULL)[0m
  [1m[35m (0.2ms)[0m  [1m[34mSELECT "schema_migrations"."version" FROM "schema_migrations" ORDER BY "schema_migrations"."version" ASC[0m
Migrating to CreateAppointments (20200416185740)
  [1m[35m (0.1ms)[0m  [1m[36mbegin transaction[0m
  [1m[35m (0.5ms)[0m  [1m[35mCREATE TABLE "appointments" ("id" INTEGER PRIMARY KEY AUTOINCREMENT NOT NULL, "name" varchar, "phone_number" varchar, "time" datetime, "created_at" datetime NOT NULL, "updated_at" datetime NOT NULL)[0m
  [1m[35mSQL (0.3ms)[0m  [1m[32mINSERT INTO "schema_migrations" ("version") VALUES (?)[0m  [["version", "20200416185740"]]
  [1m[35m (3.1ms)[0m  [1m[36mcommit transaction[0m
  [1m[36mActiveRecord::InternalMetadata Load (0.8ms)[0m  [1m[34mSELECT  "ar_internal_metadata".* FROM "ar_internal_metadata" WHERE "ar_internal_metadata"."key" = ? LIMIT ?[0m  [["key", "environment"], ["LIMIT", 1]]
  [1m[35m (0.1ms)[0m  [1m[36mbegin transaction[0m
  [1m[35mSQL (0.7ms)[0m  [1m[32mINSERT INTO "ar_internal_metadata" ("key", "value", "created_at", "updated_at") VALUES (?, ?, ?, ?)[0m  [["key", "environment"], ["value", "development"], ["created_at", "2020-04-16 19:18:03.387447"], ["updated_at", "2020-04-16 19:18:03.387447"]]
  [1m[35m (1.5ms)[0m  [1m[36mcommit transaction[0m
  [1m[35m (0.5ms)[0m  [1m[34mSELECT "schema_migrations"."version" FROM "schema_migrations" ORDER BY "schema_migrations"."version" ASC[0m
Started GET "/" for ::1 at 2020-04-16 14:21:10 -0500
  [1m[35m (0.3ms)[0m  [1m[34mSELECT "schema_migrations"."version" FROM "schema_migrations" ORDER BY "schema_migrations"."version" ASC[0m
  
AbstractController::ActionNotFound (The action 'welcome' could not be found for AppointmentsController):
  
actionpack (5.1.7) lib/abstract_controller/base.rb:119:in `process'
actionview (5.1.7) lib/action_view/rendering.rb:30:in `process'
actionpack (5.1.7) lib/action_controller/metal.rb:189:in `dispatch'
actionpack (5.1.7) lib/action_controller/metal.rb:253:in `dispatch'
actionpack (5.1.7) lib/action_dispatch/routing/route_set.rb:49:in `dispatch'
actionpack (5.1.7) lib/action_dispatch/routing/route_set.rb:31:in `serve'
actionpack (5.1.7) lib/action_dispatch/journey/router.rb:50:in `block in serve'
actionpack (5.1.7) lib/action_dispatch/journey/router.rb:33:in `each'
actionpack (5.1.7) lib/action_dispatch/journey/router.rb:33:in `serve'
actionpack (5.1.7) lib/action_dispatch/routing/route_set.rb:844:in `call'
rack (2.2.2) lib/rack/etag.rb:27:in `call'
rack (2.2.2) lib/rack/conditional_get.rb:27:in `call'
rack (2.2.2) lib/rack/head.rb:12:in `call'
rack (2.2.2) lib/rack/session/abstract/id.rb:266:in `context'
rack (2.2.2) lib/rack/session/abstract/id.rb:260:in `call'
actionpack (5.1.7) lib/action_dispatch/middleware/cookies.rb:613:in `call'
activerecord (5.1.7) lib/active_record/migration.rb:556:in `call'
actionpack (5.1.7) lib/action_dispatch/middleware/callbacks.rb:26:in `block in call'
activesupport (5.1.7) lib/active_support/callbacks.rb:97:in `run_callbacks'
actionpack (5.1.7) lib/action_dispatch/middleware/callbacks.rb:24:in `call'
actionpack (5.1.7) lib/action_dispatch/middleware/executor.rb:12:in `call'
actionpack (5.1.7) lib/action_dispatch/middleware/debug_exceptions.rb:59:in `call'
web-console (3.7.0) lib/web_console/middleware.rb:135:in `call_app'
web-console (3.7.0) lib/web_console/middleware.rb:30:in `block in call'
web-console (3.7.0) lib/web_console/middleware.rb:20:in `catch'
web-console (3.7.0) lib/web_console/middleware.rb:20:in `call'
actionpack (5.1.7) lib/action_dispatch/middleware/show_exceptions.rb:31:in `call'
railties (5.1.7) lib/rails/rack/logger.rb:36:in `call_app'
railties (5.1.7) lib/rails/rack/logger.rb:24:in `block in call'
activesupport (5.1.7) lib/active_support/tagged_logging.rb:69:in `block in tagged'
activesupport (5.1.7) lib/active_support/tagged_logging.rb:26:in `tagged'
activesupport (5.1.7) lib/active_support/tagged_logging.rb:69:in `tagged'
railties (5.1.7) lib/rails/rack/logger.rb:24:in `call'
sprockets-rails (3.2.1) lib/sprockets/rails/quiet_assets.rb:13:in `call'
actionpack (5.1.7) lib/action_dispatch/middleware/remote_ip.rb:79:in `call'
actionpack (5.1.7) lib/action_dispatch/middleware/request_id.rb:25:in `call'
rack (2.2.2) lib/rack/method_override.rb:24:in `call'
rack (2.2.2) lib/rack/runtime.rb:22:in `call'
activesupport (5.1.7) lib/active_support/cache/strategy/local_cache_middleware.rb:27:in `call'
actionpack (5.1.7) lib/action_dispatch/middleware/executor.rb:12:in `call'
actionpack (5.1.7) lib/action_dispatch/middleware/static.rb:125:in `call'
rack (2.2.2) lib/rack/sendfile.rb:110:in `call'
railties (5.1.7) lib/rails/engine.rb:522:in `call'
puma (3.12.4) lib/puma/configuration.rb:227:in `call'
puma (3.12.4) lib/puma/server.rb:675:in `handle_request'
puma (3.12.4) lib/puma/server.rb:476:in `process_client'
puma (3.12.4) lib/puma/server.rb:334:in `block in run'
puma (3.12.4) lib/puma/thread_pool.rb:135:in `block in spawn_thread'
Started GET "/" for ::1 at 2020-04-16 14:24:18 -0500
Started GET "/" for ::1 at 2020-04-16 14:24:28 -0500
Processing by Rails::WelcomeController#index as HTML
  Rendering /Users/iNjaro/.rvm/gems/ruby-2.4.1/gems/railties-5.1.7/lib/rails/templates/rails/welcome/index.html.erb
  Rendered /Users/iNjaro/.rvm/gems/ruby-2.4.1/gems/railties-5.1.7/lib/rails/templates/rails/welcome/index.html.erb (5.0ms)
Completed 200 OK in 43ms (Views: 16.0ms)


Processing by Rails::WelcomeController#index as HTML
  Rendering /Users/iNjaro/.rvm/gems/ruby-2.4.1/gems/railties-5.1.7/lib/rails/templates/rails/welcome/index.html.erb
  Rendered /Users/iNjaro/.rvm/gems/ruby-2.4.1/gems/railties-5.1.7/lib/rails/templates/rails/welcome/index.html.erb (0.4ms)
Completed 200 OK in 10ms (Views: 5.1ms)


Started GET "/appointments/new" for ::1 at 2020-04-16 14:25:14 -0500
Processing by AppointmentsController#new as HTML
  Rendering appointments/new.html.erb within layouts/application
  Rendered appointments/_form.html.erb (161.0ms)
  Rendered appointments/new.html.erb within layouts/application (165.9ms)
Completed 200 OK in 2999ms (Views: 2974.3ms | ActiveRecord: 1.2ms)


Started GET "/appointments/new" for ::1 at 2020-04-16 14:25:44 -0500
Processing by AppointmentsController#new as HTML
  Rendering appointments/new.html.erb within layouts/application
  Rendered appointments/_form.html.erb (21.7ms)
  Rendered appointments/new.html.erb within layouts/application (27.0ms)
Completed 200 OK in 75ms (Views: 69.6ms | ActiveRecord: 0.0ms)


Started POST "/appointments" for ::1 at 2020-04-16 14:28:40 -0500
Processing by AppointmentsController#create as HTML
  Parameters: {"utf8"=>"✓", "authenticity_token"=>"aURxtWPGZcgb+pYnO+TCWDz/WoycCRLc34OBjvRDxcYoNhHNzhHQhvL2h6TszCVmLL67IvuDhqZxBHEVrG1BVg==", "appointment"=>{"name"=>"rice", "phone_number"=>"3128849493", "time(1i)"=>"2020", "time(2i)"=>"4", "time(3i)"=>"16", "time(4i)"=>"10", "time(5i)"=>"45"}, "commit"=>"Create Appointment"}
  [1m[35m (0.1ms)[0m  [1m[36mbegin transaction[0m
  [1m[35mSQL (1.0ms)[0m  [1m[32mINSERT INTO "appointments" ("name", "phone_number", "time", "created_at", "updated_at") VALUES (?, ?, ?, ?, ?)[0m  [["name", "rice"], ["phone_number", "3128849493"], ["time", "2020-04-16 10:45:00"], ["created_at", "2020-04-16 19:28:40.220054"], ["updated_at", "2020-04-16 19:28:40.220054"]]
  [1m[35m (2.0ms)[0m  [1m[36mcommit transaction[0m
Redirected to http://localhost:3000/appointments/1
Completed 302 Found in 13ms (ActiveRecord: 3.1ms)


Started GET "/appointments/1" for ::1 at 2020-04-16 14:28:40 -0500
Processing by AppointmentsController#show as HTML
  Parameters: {"id"=>"1"}
  [1m[36mAppointment Load (0.5ms)[0m  [1m[34mSELECT  "appointments".* FROM "appointments" WHERE "appointments"."id" = ? LIMIT ?[0m  [["id", 1], ["LIMIT", 1]]
  Rendering appointments/show.html.erb within layouts/application
  Rendered appointments/show.html.erb within layouts/application (2.3ms)
Completed 200 OK in 77ms (Views: 35.6ms | ActiveRecord: 0.5ms)


Started GET "/appointments" for ::1 at 2020-04-16 14:28:48 -0500
Processing by AppointmentsController#index as HTML
  Rendering appointments/index.html.erb within layouts/application
  [1m[36mAppointment Load (0.3ms)[0m  [1m[34mSELECT "appointments".* FROM "appointments"[0m
  Rendered appointments/index.html.erb within layouts/application (3.2ms)
Completed 200 OK in 41ms (Views: 36.3ms | ActiveRecord: 0.3ms)


Started GET "/appointments/new" for ::1 at 2020-04-16 14:28:50 -0500
Processing by AppointmentsController#new as HTML
  Rendering appointments/new.html.erb within layouts/application
  Rendered appointments/_form.html.erb (8.3ms)
  Rendered appointments/new.html.erb within layouts/application (13.8ms)
Completed 200 OK in 65ms (Views: 59.1ms | ActiveRecord: 0.0ms)


Started GET "/appointments" for ::1 at 2020-04-16 14:33:28 -0500
  
SyntaxError (/Users/iNjaro/Sites/Rails_Apps/apptReminder/app/controllers/appointments_controller.rb:76: syntax error, unexpected end-of-input, expecting keyword_end):
  
app/controllers/appointments_controller.rb:76: syntax error, unexpected end-of-input, expecting keyword_end
Started GET "/appointments/new" for ::1 at 2020-04-16 14:33:37 -0500
  
SyntaxError (/Users/iNjaro/Sites/Rails_Apps/apptReminder/app/controllers/appointments_controller.rb:76: syntax error, unexpected end-of-input, expecting keyword_end):
  
app/controllers/appointments_controller.rb:76: syntax error, unexpected end-of-input, expecting keyword_end
Started GET "/appointments" for ::1 at 2020-04-16 14:33:40 -0500
  
SyntaxError (/Users/iNjaro/Sites/Rails_Apps/apptReminder/app/controllers/appointments_controller.rb:76: syntax error, unexpected end-of-input, expecting keyword_end):
  
app/controllers/appointments_controller.rb:76: syntax error, unexpected end-of-input, expecting keyword_end
Started GET "/appointments" for ::1 at 2020-04-16 14:34:26 -0500
Processing by AppointmentsController#index as HTML
  [1m[36mAppointment Load (0.9ms)[0m  [1m[34mSELECT "appointments".* FROM "appointments"[0m
  Rendering appointments/index.html.erb within layouts/application
  Rendered appointments/index.html.erb within layouts/application (2.2ms)
Completed 200 OK in 73ms (Views: 44.1ms | ActiveRecord: 2.6ms)


Started GET "/appointments" for ::1 at 2020-04-16 14:35:49 -0500
Processing by AppointmentsController#index as HTML
  [1m[36mAppointment Load (0.1ms)[0m  [1m[34mSELECT "appointments".* FROM "appointments"[0m
  Rendering appointments/index.html.erb within layouts/application
  Rendered appointments/index.html.erb within layouts/application (2.1ms)
Completed 200 OK in 63ms (Views: 39.2ms | ActiveRecord: 1.4ms)


Started GET "/appointments/new" for ::1 at 2020-04-16 14:35:52 -0500
Processing by AppointmentsController#new as HTML
  Rendering appointments/new.html.erb within layouts/application
  Rendered appointments/_form.html.erb (8.3ms)
  Rendered appointments/new.html.erb within layouts/application (13.6ms)
Completed 200 OK in 54ms (Views: 48.9ms | ActiveRecord: 0.0ms)


Started GET "/appointments" for ::1 at 2020-04-16 14:42:33 -0500
Processing by AppointmentsController#index as HTML
  [1m[36mAppointment Load (0.4ms)[0m  [1m[34mSELECT "appointments".* FROM "appointments"[0m
  Rendering appointments/index.html.erb within layouts/application
  Rendered appointments/index.html.erb within layouts/application (3.3ms)
Completed 200 OK in 55ms (Views: 47.9ms | ActiveRecord: 0.4ms)


Started GET "/appointments" for ::1 at 2020-04-16 14:42:36 -0500
Processing by AppointmentsController#index as HTML
  [1m[36mAppointment Load (0.3ms)[0m  [1m[34mSELECT "appointments".* FROM "appointments"[0m
  Rendering appointments/index.html.erb within layouts/application
  Rendered appointments/index.html.erb within layouts/application (2.2ms)
Completed 200 OK in 58ms (Views: 51.8ms | ActiveRecord: 0.3ms)


Started GET "/appointments/1" for ::1 at 2020-04-16 14:42:43 -0500
Processing by AppointmentsController#show as HTML
  Parameters: {"id"=>"1"}
  [1m[36mAppointment Load (1.0ms)[0m  [1m[34mSELECT  "appointments".* FROM "appointments" WHERE "appointments"."id" = ? LIMIT ?[0m  [["id", 1], ["LIMIT", 1]]
  Rendering appointments/show.html.erb within layouts/application
  Rendered appointments/show.html.erb within layouts/application (2.7ms)
Completed 200 OK in 68ms (Views: 57.8ms | ActiveRecord: 1.0ms)


Started GET "/appointments/1" for ::1 at 2020-04-16 14:42:59 -0500
Processing by AppointmentsController#show as HTML
  Parameters: {"id"=>"1"}
  [1m[36mAppointment Load (0.2ms)[0m  [1m[34mSELECT  "appointments".* FROM "appointments" WHERE "appointments"."id" = ? LIMIT ?[0m  [["id", 1], ["LIMIT", 1]]
  Rendering appointments/show.html.erb within layouts/application
  Rendered appointments/show.html.erb within layouts/application (2.9ms)
Completed 200 OK in 60ms (Views: 54.3ms | ActiveRecord: 0.2ms)


Started GET "/appointments" for ::1 at 2020-04-16 14:46:47 -0500
Processing by AppointmentsController#index as HTML
  [1m[36mAppointment Load (0.3ms)[0m  [1m[34mSELECT "appointments".* FROM "appointments"[0m
  Rendering appointments/index.html.erb within layouts/application
  Rendered appointments/index.html.erb within layouts/application (2.3ms)
Completed 200 OK in 39ms (Views: 34.5ms | ActiveRecord: 0.3ms)


Started GET "/appointments/1" for ::1 at 2020-04-16 14:46:51 -0500
Processing by AppointmentsController#show as HTML
  Parameters: {"id"=>"1"}
  [1m[36mAppointment Load (0.2ms)[0m  [1m[34mSELECT  "appointments".* FROM "appointments" WHERE "appointments"."id" = ? LIMIT ?[0m  [["id", 1], ["LIMIT", 1]]
  Rendering appointments/show.html.erb within layouts/application
  Rendered appointments/show.html.erb within layouts/application (1.8ms)
Completed 200 OK in 50ms (Views: 43.1ms | ActiveRecord: 0.2ms)


Started GET "/appointments" for ::1 at 2020-04-16 14:46:59 -0500
Processing by AppointmentsController#index as HTML
  [1m[36mAppointment Load (0.4ms)[0m  [1m[34mSELECT "appointments".* FROM "appointments"[0m
  Rendering appointments/index.html.erb within layouts/application
  Rendered appointments/index.html.erb within layouts/application (2.5ms)
Completed 200 OK in 56ms (Views: 49.6ms | ActiveRecord: 0.4ms)


Started GET "/appointments/1" for ::1 at 2020-04-16 14:47:04 -0500
Processing by AppointmentsController#show as HTML
  Parameters: {"id"=>"1"}
  [1m[36mAppointment Load (0.3ms)[0m  [1m[34mSELECT  "appointments".* FROM "appointments" WHERE "appointments"."id" = ? LIMIT ?[0m  [["id", 1], ["LIMIT", 1]]
  Rendering appointments/show.html.erb within layouts/application
  Rendered appointments/show.html.erb within layouts/application (1.9ms)
Completed 200 OK in 44ms (Views: 38.3ms | ActiveRecord: 0.3ms)


